<?xml version="1.0" encoding="UTF-8"?>
<!-- Generated by org.testng.reporters.JUnitReportReporter -->
<testsuite hostname="DESKTOP-RVJ7OA1" failures="0" tests="1" name="uk.co.automationtesting.OrderCompleteTest" time="44.456" errors="0" timestamp="2023-10-09T23:08:42 IST" skipped="0">
  <testcase classname="uk.co.automationtesting.OrderCompleteTest" name="endToend" time="44.456"/>
</testsuite> <!-- uk.co.automationtesting.OrderCompleteTest -->
