<?xml version="1.0" encoding="UTF-8"?>
<!-- Generated by org.testng.reporters.JUnitReportReporter -->
<testsuite hostname="DESKTOP-RVJ7OA1" failures="0" tests="1" name="uk.co.automationtesting.Sample" time="0.007" errors="0" timestamp="2023-10-09T21:11:11 IST" skipped="0">
  <testcase classname="uk.co.automationtesting.Sample" name="test1" time="0.007"/>
</testsuite> <!-- uk.co.automationtesting.Sample -->
