<?xml version="1.0" encoding="UTF-8"?>
<!-- Generated by org.testng.reporters.JUnitReportReporter -->
<testsuite hostname="DESKTOP-RVJ7OA1" failures="0" tests="1" name="uk.co.automationtesting.AppTest" time="0.006" errors="0" timestamp="2023-09-07T23:36:59 IST" skipped="0">
  <testcase classname="uk.co.automationtesting.AppTest" name="shouldAnswerWithTrue" time="0.006"/>
</testsuite> <!-- uk.co.automationtesting.AppTest -->
