<?xml version="1.0" encoding="UTF-8"?>
<!-- Generated by org.testng.reporters.JUnitReportReporter -->
<testsuite hostname="DESKTOP-RVJ7OA1" failures="0" tests="1" name="uk.co.automationtesting.AddRemoveItemBasketTest" time="12.511" errors="0" timestamp="2023-10-09T23:08:42 IST" skipped="0">
  <testcase classname="uk.co.automationtesting.AddRemoveItemBasketTest" name="addRemoveItem" time="12.511"/>
</testsuite> <!-- uk.co.automationtesting.AddRemoveItemBasketTest -->
